<?xml version="1.0" encoding="UTF-8"?>
<!-- Generated by org.testng.reporters.JUnitReportReporter -->
<testsuite skipped="0" hostname="Manthan-ThinkPad-Edge-E430" name="tests.testGIT" tests="1" failures="0" timestamp="23 Apr 2018 06:29:25 GMT" time="7.618" errors="0">
  <testcase name="openMyBlog" time="7.618" classname="tests.testGIT"/>
</testsuite> <!-- tests.testGIT -->
